<?xml version="1.0" encoding="UTF-8"?>
<testng-results ignored="0" total="2" passed="2" failed="0" skipped="0">
  <reporter-output>
  </reporter-output>
  <suite started-at="2022-07-04T18:54:30 IST" name="Suite" finished-at="2022-07-04T18:54:40 IST" duration-ms="9731">
    <groups>
      <group name="regression">
        <method signature="TC_001_AccountRegistration.test_account_registration()[pri:0, instance:testCases.TC_001_AccountRegistration@47af7f3d]" name="test_account_registration" class="testCases.TC_001_AccountRegistration"/>
      </group> <!-- regression -->
      <group name="sanity">
        <method signature="TC_002_Login.test_login()[pri:0, instance:testCases.TC_002_Login@4567f35d]" name="test_login" class="testCases.TC_002_Login"/>
      </group> <!-- sanity -->
      <group name="master">
        <method signature="TC_001_AccountRegistration.test_account_registration()[pri:0, instance:testCases.TC_001_AccountRegistration@47af7f3d]" name="test_account_registration" class="testCases.TC_001_AccountRegistration"/>
        <method signature="TC_002_Login.test_login()[pri:0, instance:testCases.TC_002_Login@4567f35d]" name="test_login" class="testCases.TC_002_Login"/>
      </group> <!-- master -->
    </groups>
    <test started-at="2022-07-04T18:54:30 IST" name="Test" finished-at="2022-07-04T18:54:40 IST" duration-ms="9731">
      <class name="testCases.TC_002_Login">
        <test-method is-config="true" signature="setup(java.lang.String)[pri:0, instance:testCases.TC_002_Login@4567f35d]" started-at="2022-07-04T18:54:37 IST" name="setup" finished-at="2022-07-04T18:54:38 IST" duration-ms="680" status="PASS">
          <params>
            <param index="0">
              <value>
                <![CDATA[chrome]]>
              </value>
            </param>
          </params>
          <reporter-output>
          </reporter-output>
        </test-method> <!-- setup -->
        <test-method signature="test_login()[pri:0, instance:testCases.TC_002_Login@4567f35d]" started-at="2022-07-04T18:54:38 IST" name="test_login" finished-at="2022-07-04T18:54:40 IST" duration-ms="1917" status="PASS">
          <reporter-output>
          </reporter-output>
        </test-method> <!-- test_login -->
        <test-method is-config="true" signature="tearDown()[pri:0, instance:testCases.TC_002_Login@4567f35d]" started-at="2022-07-04T18:54:40 IST" name="tearDown" finished-at="2022-07-04T18:54:40 IST" duration-ms="136" status="PASS">
          <reporter-output>
          </reporter-output>
        </test-method> <!-- tearDown -->
      </class> <!-- testCases.TC_002_Login -->
      <class name="testCases.TC_001_AccountRegistration">
        <test-method is-config="true" signature="setup(java.lang.String)[pri:0, instance:testCases.TC_001_AccountRegistration@47af7f3d]" started-at="2022-07-04T18:54:31 IST" name="setup" finished-at="2022-07-04T18:54:33 IST" duration-ms="2205" status="PASS">
          <params>
            <param index="0">
              <value>
                <![CDATA[chrome]]>
              </value>
            </param>
          </params>
          <reporter-output>
          </reporter-output>
        </test-method> <!-- setup -->
        <test-method signature="test_account_registration()[pri:0, instance:testCases.TC_001_AccountRegistration@47af7f3d]" started-at="2022-07-04T18:54:33 IST" name="test_account_registration" finished-at="2022-07-04T18:54:37 IST" duration-ms="4400" status="PASS">
          <reporter-output>
          </reporter-output>
        </test-method> <!-- test_account_registration -->
        <test-method is-config="true" signature="tearDown()[pri:0, instance:testCases.TC_001_AccountRegistration@47af7f3d]" started-at="2022-07-04T18:54:37 IST" name="tearDown" finished-at="2022-07-04T18:54:37 IST" duration-ms="127" status="PASS">
          <reporter-output>
          </reporter-output>
        </test-method> <!-- tearDown -->
      </class> <!-- testCases.TC_001_AccountRegistration -->
    </test> <!-- Test -->
  </suite> <!-- Suite -->
</testng-results>
